[2025-04-22T09:18:05.450+0000] {manager.py:483} INFO - Processing files using up to 2 processes at a time 
[2025-04-22T09:18:05.451+0000] {manager.py:484} INFO - Process each file at most once every 30 seconds
[2025-04-22T09:18:05.451+0000] {manager.py:485} INFO - Checking for new files in /opt/airflow/dags every 300 seconds
[2025-04-22T09:18:05.452+0000] {manager.py:821} INFO - Searching for files in /opt/airflow/dags
[2025-04-22T09:18:05.454+0000] {manager.py:824} INFO - There are 0 files in /opt/airflow/dags
[2025-04-22T09:23:05.520+0000] {manager.py:821} INFO - Searching for files in /opt/airflow/dags
[2025-04-22T09:23:05.527+0000] {manager.py:824} INFO - There are 0 files in /opt/airflow/dags
[2025-04-22T16:06:10.148+0000] {manager.py:483} INFO - Processing files using up to 2 processes at a time 
[2025-04-22T16:06:10.151+0000] {manager.py:484} INFO - Process each file at most once every 30 seconds
[2025-04-22T16:06:10.181+0000] {manager.py:485} INFO - Checking for new files in /opt/airflow/dags every 300 seconds
[2025-04-22T16:06:10.182+0000] {manager.py:821} INFO - Searching for files in /opt/airflow/dags
[2025-04-22T16:06:10.192+0000] {manager.py:824} INFO - There are 0 files in /opt/airflow/dags
[2025-04-22T16:12:31.176+0000] {manager.py:821} INFO - Searching for files in /opt/airflow/dags
[2025-04-22T16:12:31.415+0000] {manager.py:824} INFO - There are 0 files in /opt/airflow/dags
[2025-04-22T16:12:31.519+0000] {manager.py:465} INFO - Exiting gracefully upon receiving signal 15
[2025-04-22T16:12:34.384+0000] {manager.py:483} INFO - Processing files using up to 2 processes at a time 
[2025-04-22T16:12:34.384+0000] {manager.py:484} INFO - Process each file at most once every 30 seconds
[2025-04-22T16:12:34.386+0000] {manager.py:485} INFO - Checking for new files in /opt/airflow/dags every 300 seconds
[2025-04-22T16:12:34.399+0000] {manager.py:821} INFO - Searching for files in /opt/airflow/dags
[2025-04-22T16:12:34.408+0000] {manager.py:824} INFO - There are 0 files in /opt/airflow/dags
[2025-04-22T16:34:48.555+0000] {manager.py:821} INFO - Searching for files in /opt/airflow/dags
[2025-04-22T16:34:48.595+0000] {manager.py:824} INFO - There are 0 files in /opt/airflow/dags
[2025-04-22T16:34:48.662+0000] {manager.py:465} INFO - Exiting gracefully upon receiving signal 15
[2025-04-22T16:34:50.974+0000] {manager.py:483} INFO - Processing files using up to 2 processes at a time 
[2025-04-22T16:34:50.975+0000] {manager.py:484} INFO - Process each file at most once every 30 seconds
[2025-04-22T16:34:50.976+0000] {manager.py:485} INFO - Checking for new files in /opt/airflow/dags every 300 seconds
[2025-04-22T16:34:50.977+0000] {manager.py:821} INFO - Searching for files in /opt/airflow/dags
[2025-04-22T16:34:50.982+0000] {manager.py:824} INFO - There are 0 files in /opt/airflow/dags
[2025-04-22T16:39:51.058+0000] {manager.py:821} INFO - Searching for files in /opt/airflow/dags
[2025-04-22T16:39:51.064+0000] {manager.py:824} INFO - There are 0 files in /opt/airflow/dags
[2025-04-22T17:24:14.847+0000] {manager.py:821} INFO - Searching for files in /opt/airflow/dags
[2025-04-22T17:24:14.969+0000] {manager.py:824} INFO - There are 0 files in /opt/airflow/dags
[2025-04-22T17:24:15.036+0000] {manager.py:465} INFO - Exiting gracefully upon receiving signal 15
[2025-04-22T17:24:18.158+0000] {manager.py:483} INFO - Processing files using up to 2 processes at a time 
[2025-04-22T17:24:18.158+0000] {manager.py:484} INFO - Process each file at most once every 30 seconds
[2025-04-22T17:24:18.158+0000] {manager.py:485} INFO - Checking for new files in /opt/airflow/dags every 300 seconds
[2025-04-22T17:24:18.159+0000] {manager.py:821} INFO - Searching for files in /opt/airflow/dags
[2025-04-22T17:24:18.166+0000] {manager.py:824} INFO - There are 0 files in /opt/airflow/dags
[2025-04-22T17:29:18.757+0000] {manager.py:821} INFO - Searching for files in /opt/airflow/dags
[2025-04-22T17:29:18.765+0000] {manager.py:824} INFO - There are 0 files in /opt/airflow/dags
[2025-04-22T17:34:19.082+0000] {manager.py:821} INFO - Searching for files in /opt/airflow/dags
[2025-04-22T17:34:19.089+0000] {manager.py:824} INFO - There are 0 files in /opt/airflow/dags
[2025-04-22T17:39:19.884+0000] {manager.py:821} INFO - Searching for files in /opt/airflow/dags
[2025-04-22T17:39:19.895+0000] {manager.py:824} INFO - There are 0 files in /opt/airflow/dags
[2025-04-22T17:44:20.113+0000] {manager.py:821} INFO - Searching for files in /opt/airflow/dags
[2025-04-22T17:44:20.118+0000] {manager.py:824} INFO - There are 0 files in /opt/airflow/dags
[2025-04-22T17:49:20.683+0000] {manager.py:821} INFO - Searching for files in /opt/airflow/dags
[2025-04-22T17:49:20.687+0000] {manager.py:824} INFO - There are 0 files in /opt/airflow/dags
[2025-04-22T17:54:20.804+0000] {manager.py:821} INFO - Searching for files in /opt/airflow/dags
[2025-04-22T17:54:20.806+0000] {manager.py:824} INFO - There are 0 files in /opt/airflow/dags
[2025-04-22T17:59:21.099+0000] {manager.py:821} INFO - Searching for files in /opt/airflow/dags
[2025-04-22T17:59:21.107+0000] {manager.py:824} INFO - There are 0 files in /opt/airflow/dags
[2025-04-22T18:04:22.036+0000] {manager.py:821} INFO - Searching for files in /opt/airflow/dags
[2025-04-22T18:04:22.060+0000] {manager.py:824} INFO - There are 0 files in /opt/airflow/dags
[2025-04-22T18:09:22.992+0000] {manager.py:821} INFO - Searching for files in /opt/airflow/dags
[2025-04-22T18:09:23.008+0000] {manager.py:824} INFO - There are 0 files in /opt/airflow/dags
[2025-04-22T18:14:23.774+0000] {manager.py:821} INFO - Searching for files in /opt/airflow/dags
[2025-04-22T18:14:23.783+0000] {manager.py:824} INFO - There are 0 files in /opt/airflow/dags
[2025-04-22T18:19:23.860+0000] {manager.py:821} INFO - Searching for files in /opt/airflow/dags
[2025-04-22T18:19:23.874+0000] {manager.py:824} INFO - There are 0 files in /opt/airflow/dags
[2025-04-22T18:24:24.335+0000] {manager.py:821} INFO - Searching for files in /opt/airflow/dags
[2025-04-22T18:24:24.344+0000] {manager.py:824} INFO - There are 0 files in /opt/airflow/dags
[2025-04-22T18:32:52.998+0000] {manager.py:821} INFO - Searching for files in /opt/airflow/dags
[2025-04-22T18:32:53.046+0000] {manager.py:824} INFO - There are 0 files in /opt/airflow/dags
[2025-04-22T20:43:14.966+0000] {manager.py:821} INFO - Searching for files in /opt/airflow/dags
[2025-04-22T20:43:15.287+0000] {manager.py:824} INFO - There are 0 files in /opt/airflow/dags
[2025-04-22T20:48:15.305+0000] {manager.py:821} INFO - Searching for files in /opt/airflow/dags
[2025-04-22T20:48:15.331+0000] {manager.py:824} INFO - There are 0 files in /opt/airflow/dags
[2025-04-22T20:53:15.750+0000] {manager.py:821} INFO - Searching for files in /opt/airflow/dags
[2025-04-22T20:53:15.820+0000] {manager.py:824} INFO - There are 0 files in /opt/airflow/dags
[2025-04-22T20:58:16.213+0000] {manager.py:821} INFO - Searching for files in /opt/airflow/dags
[2025-04-22T20:58:16.221+0000] {manager.py:824} INFO - There are 0 files in /opt/airflow/dags
[2025-04-22T21:03:16.728+0000] {manager.py:821} INFO - Searching for files in /opt/airflow/dags
[2025-04-22T21:03:16.735+0000] {manager.py:824} INFO - There are 0 files in /opt/airflow/dags
[2025-04-22T21:08:16.743+0000] {manager.py:821} INFO - Searching for files in /opt/airflow/dags
[2025-04-22T21:08:16.752+0000] {manager.py:824} INFO - There are 0 files in /opt/airflow/dags
[2025-04-22T21:11:05.149+0000] {manager.py:465} INFO - Exiting gracefully upon receiving signal 15
[2025-04-23T06:27:45.781+0000] {manager.py:483} INFO - Processing files using up to 2 processes at a time 
[2025-04-23T06:27:45.783+0000] {manager.py:484} INFO - Process each file at most once every 30 seconds
[2025-04-23T06:27:45.787+0000] {manager.py:485} INFO - Checking for new files in /opt/airflow/dags every 300 seconds
[2025-04-23T06:27:45.789+0000] {manager.py:821} INFO - Searching for files in /opt/airflow/dags
[2025-04-23T06:27:45.791+0000] {manager.py:824} INFO - There are 0 files in /opt/airflow/dags
[2025-04-23T06:35:26.920+0000] {manager.py:483} INFO - Processing files using up to 2 processes at a time 
[2025-04-23T06:35:26.926+0000] {manager.py:484} INFO - Process each file at most once every 30 seconds
[2025-04-23T06:35:26.927+0000] {manager.py:485} INFO - Checking for new files in /opt/airflow/dags every 300 seconds
[2025-04-23T06:35:26.929+0000] {manager.py:821} INFO - Searching for files in /opt/airflow/dags
[2025-04-23T06:35:26.931+0000] {manager.py:824} INFO - There are 0 files in /opt/airflow/dags
[2025-04-23T06:40:27.500+0000] {manager.py:821} INFO - Searching for files in /opt/airflow/dags
[2025-04-23T06:40:27.525+0000] {manager.py:824} INFO - There are 0 files in /opt/airflow/dags
[2025-04-23T06:45:28.299+0000] {manager.py:821} INFO - Searching for files in /opt/airflow/dags
[2025-04-23T06:45:28.307+0000] {manager.py:824} INFO - There are 0 files in /opt/airflow/dags
[2025-04-23T06:47:03.722+0000] {manager.py:465} INFO - Exiting gracefully upon receiving signal 15
[2025-04-23T14:28:54.875+0000] {manager.py:483} INFO - Processing files using up to 2 processes at a time 
[2025-04-23T14:28:54.877+0000] {manager.py:484} INFO - Process each file at most once every 30 seconds
[2025-04-23T14:28:54.880+0000] {manager.py:485} INFO - Checking for new files in /opt/airflow/dags every 300 seconds
[2025-04-23T14:28:54.880+0000] {manager.py:821} INFO - Searching for files in /opt/airflow/dags
[2025-04-23T14:28:54.886+0000] {manager.py:824} INFO - There are 0 files in /opt/airflow/dags
[2025-04-23T14:33:54.916+0000] {manager.py:821} INFO - Searching for files in /opt/airflow/dags
[2025-04-23T14:33:54.925+0000] {manager.py:824} INFO - There are 1 files in /opt/airflow/dags
[2025-04-23T14:34:06.949+0000] {manager.py:997} INFO - 
================================================================================
DAG File Processing Stats

File Path                               PID    Runtime      # DAGs    # Errors  Last Runtime    Last Run               Last # of DB Queries
--------------------------------------  -----  ---------  --------  ----------  --------------  -------------------  ----------------------
/opt/airflow/dags/emr-orchestration.py                           0           0  0.16s           2025-04-23T14:33:56                       3
================================================================================
[2025-04-23T14:34:37.012+0000] {manager.py:997} INFO - 
================================================================================
DAG File Processing Stats

File Path                               PID    Runtime      # DAGs    # Errors  Last Runtime    Last Run               Last # of DB Queries
--------------------------------------  -----  ---------  --------  ----------  --------------  -------------------  ----------------------
/opt/airflow/dags/emr-orchestration.py                           0           0  0.60s           2025-04-23T14:34:27                       3
================================================================================
[2025-04-23T14:35:07.546+0000] {manager.py:997} INFO - 
================================================================================
DAG File Processing Stats

File Path                               PID    Runtime      # DAGs    # Errors  Last Runtime    Last Run               Last # of DB Queries
--------------------------------------  -----  ---------  --------  ----------  --------------  -------------------  ----------------------
/opt/airflow/dags/emr-orchestration.py                           0           0  0.10s           2025-04-23T14:34:58                       3
================================================================================
[2025-04-23T16:31:45.565+0000] {manager.py:821} INFO - Searching for files in /opt/airflow/dags
[2025-04-23T16:31:45.732+0000] {manager.py:824} INFO - There are 1 files in /opt/airflow/dags
[2025-04-23T16:31:46.729+0000] {manager.py:997} INFO - 
================================================================================
DAG File Processing Stats

File Path                                 PID  Runtime      # DAGs    # Errors  Last Runtime    Last Run               Last # of DB Queries
--------------------------------------  -----  ---------  --------  ----------  --------------  -------------------  ----------------------
/opt/airflow/dags/emr-orchestration.py    137  0.28s             0           0  0.10s           2025-04-23T14:34:58                       3
================================================================================
[2025-04-23T16:32:17.554+0000] {manager.py:997} INFO - 
================================================================================
DAG File Processing Stats

File Path                                 PID  Runtime      # DAGs    # Errors  Last Runtime    Last Run               Last # of DB Queries
--------------------------------------  -----  ---------  --------  ----------  --------------  -------------------  ----------------------
/opt/airflow/dags/emr-orchestration.py    143  0.02s             0           1  0.90s           2025-04-23T16:31:47                       3
================================================================================
[2025-04-23T16:32:47.845+0000] {manager.py:997} INFO - 
================================================================================
DAG File Processing Stats

File Path                                 PID  Runtime      # DAGs    # Errors  Last Runtime    Last Run               Last # of DB Queries
--------------------------------------  -----  ---------  --------  ----------  --------------  -------------------  ----------------------
/opt/airflow/dags/emr-orchestration.py    150  0.02s             0           1  0.12s           2025-04-23T16:32:17                       5
================================================================================
[2025-04-23T16:33:18.376+0000] {manager.py:997} INFO - 
================================================================================
DAG File Processing Stats

File Path                                 PID  Runtime      # DAGs    # Errors  Last Runtime    Last Run               Last # of DB Queries
--------------------------------------  -----  ---------  --------  ----------  --------------  -------------------  ----------------------
/opt/airflow/dags/emr-orchestration.py    157  0.02s             0           1  0.11s           2025-04-23T16:32:47                       5
================================================================================
[2025-04-23T16:33:48.445+0000] {manager.py:997} INFO - 
================================================================================
DAG File Processing Stats

File Path                               PID    Runtime      # DAGs    # Errors  Last Runtime    Last Run               Last # of DB Queries
--------------------------------------  -----  ---------  --------  ----------  --------------  -------------------  ----------------------
/opt/airflow/dags/emr-orchestration.py                           0           1  0.09s           2025-04-23T16:33:18                       5
================================================================================
[2025-04-23T16:34:19.173+0000] {manager.py:997} INFO - 
================================================================================
DAG File Processing Stats

File Path                                 PID  Runtime      # DAGs    # Errors  Last Runtime    Last Run               Last # of DB Queries
--------------------------------------  -----  ---------  --------  ----------  --------------  -------------------  ----------------------
/opt/airflow/dags/emr-orchestration.py    171  0.01s             0           1  0.11s           2025-04-23T16:33:48                       5
================================================================================
[2025-04-23T16:34:49.949+0000] {manager.py:997} INFO - 
================================================================================
DAG File Processing Stats

File Path                               PID    Runtime      # DAGs    # Errors  Last Runtime    Last Run               Last # of DB Queries
--------------------------------------  -----  ---------  --------  ----------  --------------  -------------------  ----------------------
/opt/airflow/dags/emr-orchestration.py                           0           1  0.05s           2025-04-23T16:34:21                       5
================================================================================
[2025-04-23T16:35:20.462+0000] {manager.py:997} INFO - 
================================================================================
DAG File Processing Stats

File Path                               PID    Runtime      # DAGs    # Errors  Last Runtime    Last Run               Last # of DB Queries
--------------------------------------  -----  ---------  --------  ----------  --------------  -------------------  ----------------------
/opt/airflow/dags/emr-orchestration.py                           0           1  0.16s           2025-04-23T16:34:52                       5
================================================================================
[2025-04-23T16:35:50.754+0000] {manager.py:997} INFO - 
================================================================================
DAG File Processing Stats

File Path                               PID    Runtime      # DAGs    # Errors  Last Runtime    Last Run               Last # of DB Queries
--------------------------------------  -----  ---------  --------  ----------  --------------  -------------------  ----------------------
/opt/airflow/dags/emr-orchestration.py                           0           1  0.15s           2025-04-23T16:35:22                       5
================================================================================
[2025-04-23T16:36:21.302+0000] {manager.py:997} INFO - 
================================================================================
DAG File Processing Stats

File Path                               PID    Runtime      # DAGs    # Errors  Last Runtime    Last Run               Last # of DB Queries
--------------------------------------  -----  ---------  --------  ----------  --------------  -------------------  ----------------------
/opt/airflow/dags/emr-orchestration.py                           0           1  0.21s           2025-04-23T16:35:53                       5
================================================================================
[2025-04-23T16:36:45.789+0000] {manager.py:821} INFO - Searching for files in /opt/airflow/dags
[2025-04-23T16:36:45.796+0000] {manager.py:824} INFO - There are 1 files in /opt/airflow/dags
[2025-04-23T16:36:51.912+0000] {manager.py:997} INFO - 
================================================================================
DAG File Processing Stats

File Path                               PID    Runtime      # DAGs    # Errors  Last Runtime    Last Run               Last # of DB Queries
--------------------------------------  -----  ---------  --------  ----------  --------------  -------------------  ----------------------
/opt/airflow/dags/emr-orchestration.py                           0           1  0.13s           2025-04-23T16:36:23                       5
================================================================================
[2025-04-23T16:37:22.338+0000] {manager.py:997} INFO - 
================================================================================
DAG File Processing Stats

File Path                               PID    Runtime      # DAGs    # Errors  Last Runtime    Last Run               Last # of DB Queries
--------------------------------------  -----  ---------  --------  ----------  --------------  -------------------  ----------------------
/opt/airflow/dags/emr-orchestration.py                           0           1  0.14s           2025-04-23T16:36:54                       5
================================================================================
[2025-04-23T16:37:52.874+0000] {manager.py:997} INFO - 
================================================================================
DAG File Processing Stats

File Path                               PID    Runtime      # DAGs    # Errors  Last Runtime    Last Run               Last # of DB Queries
--------------------------------------  -----  ---------  --------  ----------  --------------  -------------------  ----------------------
/opt/airflow/dags/emr-orchestration.py                           0           1  0.15s           2025-04-23T16:37:24                       5
================================================================================
[2025-04-23T16:38:23.169+0000] {manager.py:997} INFO - 
================================================================================
DAG File Processing Stats

File Path                               PID    Runtime      # DAGs    # Errors  Last Runtime    Last Run               Last # of DB Queries
--------------------------------------  -----  ---------  --------  ----------  --------------  -------------------  ----------------------
/opt/airflow/dags/emr-orchestration.py                           0           1  0.09s           2025-04-23T16:37:54                       5
================================================================================
[2025-04-23T16:38:53.714+0000] {manager.py:997} INFO - 
================================================================================
DAG File Processing Stats

File Path                               PID    Runtime      # DAGs    # Errors  Last Runtime    Last Run               Last # of DB Queries
--------------------------------------  -----  ---------  --------  ----------  --------------  -------------------  ----------------------
/opt/airflow/dags/emr-orchestration.py                           0           1  0.08s           2025-04-23T16:38:25                       5
================================================================================
[2025-04-23T16:39:24.031+0000] {manager.py:997} INFO - 
================================================================================
DAG File Processing Stats

File Path                               PID    Runtime      # DAGs    # Errors  Last Runtime    Last Run               Last # of DB Queries
--------------------------------------  -----  ---------  --------  ----------  --------------  -------------------  ----------------------
/opt/airflow/dags/emr-orchestration.py                           0           1  0.37s           2025-04-23T16:38:56                       5
================================================================================
[2025-04-23T16:39:54.794+0000] {manager.py:997} INFO - 
================================================================================
DAG File Processing Stats

File Path                               PID    Runtime      # DAGs    # Errors  Last Runtime    Last Run               Last # of DB Queries
--------------------------------------  -----  ---------  --------  ----------  --------------  -------------------  ----------------------
/opt/airflow/dags/emr-orchestration.py                           0           1  0.11s           2025-04-23T16:39:26                       5
================================================================================
[2025-04-23T16:40:25.296+0000] {manager.py:997} INFO - 
================================================================================
DAG File Processing Stats

File Path                               PID    Runtime      # DAGs    # Errors  Last Runtime    Last Run               Last # of DB Queries
--------------------------------------  -----  ---------  --------  ----------  --------------  -------------------  ----------------------
/opt/airflow/dags/emr-orchestration.py                           0           1  0.14s           2025-04-23T16:40:06                       5
================================================================================
[2025-04-23T16:40:55.723+0000] {manager.py:997} INFO - 
================================================================================
DAG File Processing Stats

File Path                               PID    Runtime      # DAGs    # Errors  Last Runtime    Last Run               Last # of DB Queries
--------------------------------------  -----  ---------  --------  ----------  --------------  -------------------  ----------------------
/opt/airflow/dags/emr-orchestration.py                           0           1  0.08s           2025-04-23T16:40:36                       5
================================================================================
[2025-04-23T16:41:26.300+0000] {manager.py:997} INFO - 
================================================================================
DAG File Processing Stats

File Path                               PID    Runtime      # DAGs    # Errors  Last Runtime    Last Run               Last # of DB Queries
--------------------------------------  -----  ---------  --------  ----------  --------------  -------------------  ----------------------
/opt/airflow/dags/emr-orchestration.py                           0           1  0.16s           2025-04-23T16:41:01                       5
================================================================================
[2025-04-23T16:41:46.038+0000] {manager.py:821} INFO - Searching for files in /opt/airflow/dags
[2025-04-23T16:41:46.075+0000] {manager.py:824} INFO - There are 1 files in /opt/airflow/dags
[2025-04-23T16:41:57.196+0000] {manager.py:997} INFO - 
================================================================================
DAG File Processing Stats

File Path                               PID    Runtime      # DAGs    # Errors  Last Runtime    Last Run               Last # of DB Queries
--------------------------------------  -----  ---------  --------  ----------  --------------  -------------------  ----------------------
/opt/airflow/dags/emr-orchestration.py                           0           1  0.18s           2025-04-23T16:41:32                       5
================================================================================
[2025-04-23T16:42:27.826+0000] {manager.py:997} INFO - 
================================================================================
DAG File Processing Stats

File Path                               PID    Runtime      # DAGs    # Errors  Last Runtime    Last Run               Last # of DB Queries
--------------------------------------  -----  ---------  --------  ----------  --------------  -------------------  ----------------------
/opt/airflow/dags/emr-orchestration.py                           0           1  0.09s           2025-04-23T16:42:03                       5
================================================================================
[2025-04-23T16:42:58.060+0000] {manager.py:997} INFO - 
================================================================================
DAG File Processing Stats

File Path                               PID    Runtime      # DAGs    # Errors  Last Runtime    Last Run               Last # of DB Queries
--------------------------------------  -----  ---------  --------  ----------  --------------  -------------------  ----------------------
/opt/airflow/dags/emr-orchestration.py                           0           1  0.09s           2025-04-23T16:42:51                       5
================================================================================
[2025-04-23T16:43:28.584+0000] {manager.py:997} INFO - 
================================================================================
DAG File Processing Stats

File Path                               PID    Runtime      # DAGs    # Errors  Last Runtime    Last Run               Last # of DB Queries
--------------------------------------  -----  ---------  --------  ----------  --------------  -------------------  ----------------------
/opt/airflow/dags/emr-orchestration.py                           0           1  0.11s           2025-04-23T16:43:21                       5
================================================================================
[2025-04-23T16:43:59.195+0000] {manager.py:997} INFO - 
================================================================================
DAG File Processing Stats

File Path                               PID    Runtime      # DAGs    # Errors  Last Runtime    Last Run               Last # of DB Queries
--------------------------------------  -----  ---------  --------  ----------  --------------  -------------------  ----------------------
/opt/airflow/dags/emr-orchestration.py                           1           0  2.27s           2025-04-23T16:43:39                      45
================================================================================
[2025-04-23T16:44:29.598+0000] {manager.py:997} INFO - 
================================================================================
DAG File Processing Stats

File Path                               PID    Runtime      # DAGs    # Errors  Last Runtime    Last Run               Last # of DB Queries
--------------------------------------  -----  ---------  --------  ----------  --------------  -------------------  ----------------------
/opt/airflow/dags/emr-orchestration.py                           1           0  0.20s           2025-04-23T16:44:10                      12
================================================================================
[2025-04-23T16:45:00.329+0000] {manager.py:997} INFO - 
================================================================================
DAG File Processing Stats

File Path                               PID    Runtime      # DAGs    # Errors  Last Runtime    Last Run               Last # of DB Queries
--------------------------------------  -----  ---------  --------  ----------  --------------  -------------------  ----------------------
/opt/airflow/dags/emr-orchestration.py                           1           0  0.24s           2025-04-23T16:44:41                      12
================================================================================
[2025-04-23T16:45:30.920+0000] {manager.py:997} INFO - 
================================================================================
DAG File Processing Stats

File Path                               PID    Runtime      # DAGs    # Errors  Last Runtime    Last Run               Last # of DB Queries
--------------------------------------  -----  ---------  --------  ----------  --------------  -------------------  ----------------------
/opt/airflow/dags/emr-orchestration.py                           1           0  0.30s           2025-04-23T16:45:11                      12
================================================================================
[2025-04-23T16:46:01.284+0000] {manager.py:997} INFO - 
================================================================================
DAG File Processing Stats

File Path                               PID    Runtime      # DAGs    # Errors  Last Runtime    Last Run               Last # of DB Queries
--------------------------------------  -----  ---------  --------  ----------  --------------  -------------------  ----------------------
/opt/airflow/dags/emr-orchestration.py                           1           0  0.20s           2025-04-23T16:45:42                      12
================================================================================
[2025-04-23T16:46:31.817+0000] {manager.py:997} INFO - 
================================================================================
DAG File Processing Stats

File Path                               PID    Runtime      # DAGs    # Errors  Last Runtime    Last Run               Last # of DB Queries
--------------------------------------  -----  ---------  --------  ----------  --------------  -------------------  ----------------------
/opt/airflow/dags/emr-orchestration.py                           1           0  0.23s           2025-04-23T16:46:12                      12
================================================================================
[2025-04-23T16:46:46.817+0000] {manager.py:821} INFO - Searching for files in /opt/airflow/dags
[2025-04-23T16:46:46.822+0000] {manager.py:824} INFO - There are 1 files in /opt/airflow/dags
[2025-04-23T16:47:01.960+0000] {manager.py:997} INFO - 
================================================================================
DAG File Processing Stats

File Path                               PID    Runtime      # DAGs    # Errors  Last Runtime    Last Run               Last # of DB Queries
--------------------------------------  -----  ---------  --------  ----------  --------------  -------------------  ----------------------
/opt/airflow/dags/emr-orchestration.py                           1           0  0.30s           2025-04-23T16:46:43                      12
================================================================================
[2025-04-23T16:47:32.350+0000] {manager.py:997} INFO - 
================================================================================
DAG File Processing Stats

File Path                               PID    Runtime      # DAGs    # Errors  Last Runtime    Last Run               Last # of DB Queries
--------------------------------------  -----  ---------  --------  ----------  --------------  -------------------  ----------------------
/opt/airflow/dags/emr-orchestration.py                           1           0  0.23s           2025-04-23T16:47:13                      12
================================================================================
[2025-04-23T16:48:02.893+0000] {manager.py:997} INFO - 
================================================================================
DAG File Processing Stats

File Path                               PID    Runtime      # DAGs    # Errors  Last Runtime    Last Run               Last # of DB Queries
--------------------------------------  -----  ---------  --------  ----------  --------------  -------------------  ----------------------
/opt/airflow/dags/emr-orchestration.py                           1           0  0.19s           2025-04-23T16:47:43                      12
================================================================================
[2025-04-23T16:48:33.266+0000] {manager.py:997} INFO - 
================================================================================
DAG File Processing Stats

File Path                               PID    Runtime      # DAGs    # Errors  Last Runtime    Last Run               Last # of DB Queries
--------------------------------------  -----  ---------  --------  ----------  --------------  -------------------  ----------------------
/opt/airflow/dags/emr-orchestration.py                           1           0  0.15s           2025-04-23T16:48:14                      12
================================================================================
[2025-04-23T16:49:03.827+0000] {manager.py:997} INFO - 
================================================================================
DAG File Processing Stats

File Path                               PID    Runtime      # DAGs    # Errors  Last Runtime    Last Run               Last # of DB Queries
--------------------------------------  -----  ---------  --------  ----------  --------------  -------------------  ----------------------
/opt/airflow/dags/emr-orchestration.py                           1           0  0.09s           2025-04-23T16:48:44                      12
================================================================================
[2025-04-23T16:49:34.145+0000] {manager.py:997} INFO - 
================================================================================
DAG File Processing Stats

File Path                               PID    Runtime      # DAGs    # Errors  Last Runtime    Last Run               Last # of DB Queries
--------------------------------------  -----  ---------  --------  ----------  --------------  -------------------  ----------------------
/opt/airflow/dags/emr-orchestration.py                           1           0  0.46s           2025-04-23T16:49:15                      12
================================================================================
[2025-04-23T16:50:04.913+0000] {manager.py:997} INFO - 
================================================================================
DAG File Processing Stats

File Path                               PID    Runtime      # DAGs    # Errors  Last Runtime    Last Run               Last # of DB Queries
--------------------------------------  -----  ---------  --------  ----------  --------------  -------------------  ----------------------
/opt/airflow/dags/emr-orchestration.py                           1           0  0.26s           2025-04-23T16:49:45                      12
================================================================================
[2025-04-23T16:50:35.165+0000] {manager.py:997} INFO - 
================================================================================
DAG File Processing Stats

File Path                               PID    Runtime      # DAGs    # Errors  Last Runtime    Last Run               Last # of DB Queries
--------------------------------------  -----  ---------  --------  ----------  --------------  -------------------  ----------------------
/opt/airflow/dags/emr-orchestration.py                           1           0  0.17s           2025-04-23T16:50:16                      12
================================================================================
[2025-04-23T16:51:05.274+0000] {manager.py:997} INFO - 
================================================================================
DAG File Processing Stats

File Path                               PID    Runtime      # DAGs    # Errors  Last Runtime    Last Run               Last # of DB Queries
--------------------------------------  -----  ---------  --------  ----------  --------------  -------------------  ----------------------
/opt/airflow/dags/emr-orchestration.py                           1           0  0.24s           2025-04-23T16:50:47                      12
================================================================================
[2025-04-23T16:51:35.537+0000] {manager.py:997} INFO - 
================================================================================
DAG File Processing Stats

File Path                               PID    Runtime      # DAGs    # Errors  Last Runtime    Last Run               Last # of DB Queries
--------------------------------------  -----  ---------  --------  ----------  --------------  -------------------  ----------------------
/opt/airflow/dags/emr-orchestration.py                           1           0  0.21s           2025-04-23T16:51:17                      12
================================================================================
[2025-04-23T16:51:47.690+0000] {manager.py:821} INFO - Searching for files in /opt/airflow/dags
[2025-04-23T16:51:47.698+0000] {manager.py:824} INFO - There are 1 files in /opt/airflow/dags
[2025-04-23T16:52:05.919+0000] {manager.py:997} INFO - 
================================================================================
DAG File Processing Stats

File Path                               PID    Runtime      # DAGs    # Errors  Last Runtime    Last Run               Last # of DB Queries
--------------------------------------  -----  ---------  --------  ----------  --------------  -------------------  ----------------------
/opt/airflow/dags/emr-orchestration.py                           1           0  0.16s           2025-04-23T16:51:47                      12
================================================================================
[2025-04-23T16:52:36.216+0000] {manager.py:997} INFO - 
================================================================================
DAG File Processing Stats

File Path                               PID    Runtime      # DAGs    # Errors  Last Runtime    Last Run               Last # of DB Queries
--------------------------------------  -----  ---------  --------  ----------  --------------  -------------------  ----------------------
/opt/airflow/dags/emr-orchestration.py                           1           0  0.18s           2025-04-23T16:52:18                      12
================================================================================
[2025-04-23T16:53:07.071+0000] {manager.py:997} INFO - 
================================================================================
DAG File Processing Stats

File Path                               PID    Runtime      # DAGs    # Errors  Last Runtime    Last Run               Last # of DB Queries
--------------------------------------  -----  ---------  --------  ----------  --------------  -------------------  ----------------------
/opt/airflow/dags/emr-orchestration.py                           1           0  0.30s           2025-04-23T16:52:49                      12
================================================================================
[2025-04-23T16:53:37.438+0000] {manager.py:997} INFO - 
================================================================================
DAG File Processing Stats

File Path                               PID    Runtime      # DAGs    # Errors  Last Runtime    Last Run               Last # of DB Queries
--------------------------------------  -----  ---------  --------  ----------  --------------  -------------------  ----------------------
/opt/airflow/dags/emr-orchestration.py                           1           0  0.19s           2025-04-23T16:53:19                      12
================================================================================
[2025-04-23T16:54:08.027+0000] {manager.py:997} INFO - 
================================================================================
DAG File Processing Stats

File Path                               PID    Runtime      # DAGs    # Errors  Last Runtime    Last Run               Last # of DB Queries
--------------------------------------  -----  ---------  --------  ----------  --------------  -------------------  ----------------------
/opt/airflow/dags/emr-orchestration.py                           1           0  0.18s           2025-04-23T16:53:50                      12
================================================================================
[2025-04-23T16:54:39.176+0000] {manager.py:997} INFO - 
================================================================================
DAG File Processing Stats

File Path                               PID    Runtime      # DAGs    # Errors  Last Runtime    Last Run               Last # of DB Queries
--------------------------------------  -----  ---------  --------  ----------  --------------  -------------------  ----------------------
/opt/airflow/dags/emr-orchestration.py                           1           0  0.17s           2025-04-23T16:54:20                      12
================================================================================
[2025-04-23T16:55:09.469+0000] {manager.py:997} INFO - 
================================================================================
DAG File Processing Stats

File Path                               PID    Runtime      # DAGs    # Errors  Last Runtime    Last Run               Last # of DB Queries
--------------------------------------  -----  ---------  --------  ----------  --------------  -------------------  ----------------------
/opt/airflow/dags/emr-orchestration.py                           1           0  0.20s           2025-04-23T16:54:51                      12
================================================================================
[2025-04-23T16:55:39.866+0000] {manager.py:997} INFO - 
================================================================================
DAG File Processing Stats

File Path                               PID    Runtime      # DAGs    # Errors  Last Runtime    Last Run               Last # of DB Queries
--------------------------------------  -----  ---------  --------  ----------  --------------  -------------------  ----------------------
/opt/airflow/dags/emr-orchestration.py                           1           0  0.14s           2025-04-23T16:55:21                      12
================================================================================
[2025-04-23T16:58:12.765+0000] {manager.py:821} INFO - Searching for files in /opt/airflow/dags
[2025-04-23T16:58:12.877+0000] {manager.py:824} INFO - There are 1 files in /opt/airflow/dags
[2025-04-23T16:58:13.377+0000] {manager.py:997} INFO - 
================================================================================
DAG File Processing Stats

File Path                                 PID  Runtime      # DAGs    # Errors  Last Runtime    Last Run               Last # of DB Queries
--------------------------------------  -----  ---------  --------  ----------  --------------  -------------------  ----------------------
/opt/airflow/dags/emr-orchestration.py    481  0.12s             1           0  0.17s           2025-04-23T16:55:52                      12
================================================================================
[2025-04-23T16:58:43.761+0000] {manager.py:997} INFO - 
================================================================================
DAG File Processing Stats

File Path                               PID    Runtime      # DAGs    # Errors  Last Runtime    Last Run               Last # of DB Queries
--------------------------------------  -----  ---------  --------  ----------  --------------  -------------------  ----------------------
/opt/airflow/dags/emr-orchestration.py                           1           0  1.36s           2025-04-23T16:58:14                      12
================================================================================
[2025-04-23T16:59:14.322+0000] {manager.py:997} INFO - 
================================================================================
DAG File Processing Stats

File Path                               PID    Runtime      # DAGs    # Errors  Last Runtime    Last Run               Last # of DB Queries
--------------------------------------  -----  ---------  --------  ----------  --------------  -------------------  ----------------------
/opt/airflow/dags/emr-orchestration.py                           1           0  0.23s           2025-04-23T16:58:45                      12
================================================================================
[2025-04-23T16:59:44.794+0000] {manager.py:997} INFO - 
================================================================================
DAG File Processing Stats

File Path                               PID    Runtime      # DAGs    # Errors  Last Runtime    Last Run               Last # of DB Queries
--------------------------------------  -----  ---------  --------  ----------  --------------  -------------------  ----------------------
/opt/airflow/dags/emr-orchestration.py                           1           0  0.22s           2025-04-23T16:59:15                      12
================================================================================
[2025-04-23T17:00:15.241+0000] {manager.py:997} INFO - 
================================================================================
DAG File Processing Stats

File Path                               PID    Runtime      # DAGs    # Errors  Last Runtime    Last Run               Last # of DB Queries
--------------------------------------  -----  ---------  --------  ----------  --------------  -------------------  ----------------------
/opt/airflow/dags/emr-orchestration.py                           1           0  0.34s           2025-04-23T16:59:46                      12
================================================================================
[2025-04-23T17:00:45.905+0000] {manager.py:997} INFO - 
================================================================================
DAG File Processing Stats

File Path                               PID    Runtime      # DAGs    # Errors  Last Runtime    Last Run               Last # of DB Queries
--------------------------------------  -----  ---------  --------  ----------  --------------  -------------------  ----------------------
/opt/airflow/dags/emr-orchestration.py                           1           0  0.18s           2025-04-23T17:00:16                      12
================================================================================
[2025-04-23T17:01:16.295+0000] {manager.py:997} INFO - 
================================================================================
DAG File Processing Stats

File Path                               PID    Runtime      # DAGs    # Errors  Last Runtime    Last Run               Last # of DB Queries
--------------------------------------  -----  ---------  --------  ----------  --------------  -------------------  ----------------------
/opt/airflow/dags/emr-orchestration.py                           1           0  0.30s           2025-04-23T17:00:47                      12
================================================================================
[2025-04-23T17:01:46.773+0000] {manager.py:997} INFO - 
================================================================================
DAG File Processing Stats

File Path                               PID    Runtime      # DAGs    # Errors  Last Runtime    Last Run               Last # of DB Queries
--------------------------------------  -----  ---------  --------  ----------  --------------  -------------------  ----------------------
/opt/airflow/dags/emr-orchestration.py                           1           0  0.23s           2025-04-23T17:01:17                      12
================================================================================
[2025-04-23T17:02:17.616+0000] {manager.py:997} INFO - 
================================================================================
DAG File Processing Stats

File Path                               PID    Runtime      # DAGs    # Errors  Last Runtime    Last Run               Last # of DB Queries
--------------------------------------  -----  ---------  --------  ----------  --------------  -------------------  ----------------------
/opt/airflow/dags/emr-orchestration.py                           1           0  0.20s           2025-04-23T17:02:06                      12
================================================================================
[2025-04-23T17:02:48.038+0000] {manager.py:997} INFO - 
================================================================================
DAG File Processing Stats

File Path                               PID    Runtime      # DAGs    # Errors  Last Runtime    Last Run               Last # of DB Queries
--------------------------------------  -----  ---------  --------  ----------  --------------  -------------------  ----------------------
/opt/airflow/dags/emr-orchestration.py                           1           0  0.21s           2025-04-23T17:02:37                      12
================================================================================
[2025-04-23T17:03:13.349+0000] {manager.py:821} INFO - Searching for files in /opt/airflow/dags
[2025-04-23T17:03:13.355+0000] {manager.py:824} INFO - There are 1 files in /opt/airflow/dags
[2025-04-23T17:03:18.427+0000] {manager.py:997} INFO - 
================================================================================
DAG File Processing Stats

File Path                               PID    Runtime      # DAGs    # Errors  Last Runtime    Last Run               Last # of DB Queries
--------------------------------------  -----  ---------  --------  ----------  --------------  -------------------  ----------------------
/opt/airflow/dags/emr-orchestration.py                           1           0  0.18s           2025-04-23T17:03:07                      12
================================================================================
[2025-04-23T17:03:48.900+0000] {manager.py:997} INFO - 
================================================================================
DAG File Processing Stats

File Path                               PID    Runtime      # DAGs    # Errors  Last Runtime    Last Run               Last # of DB Queries
--------------------------------------  -----  ---------  --------  ----------  --------------  -------------------  ----------------------
/opt/airflow/dags/emr-orchestration.py                           1           0  0.21s           2025-04-23T17:03:37                      12
================================================================================
[2025-04-23T17:04:19.399+0000] {manager.py:997} INFO - 
================================================================================
DAG File Processing Stats

File Path                               PID    Runtime      # DAGs    # Errors  Last Runtime    Last Run               Last # of DB Queries
--------------------------------------  -----  ---------  --------  ----------  --------------  -------------------  ----------------------
/opt/airflow/dags/emr-orchestration.py                           1           0  0.24s           2025-04-23T17:04:08                      12
================================================================================
[2025-04-23T17:04:50.101+0000] {manager.py:997} INFO - 
================================================================================
DAG File Processing Stats

File Path                               PID    Runtime      # DAGs    # Errors  Last Runtime    Last Run               Last # of DB Queries
--------------------------------------  -----  ---------  --------  ----------  --------------  -------------------  ----------------------
/opt/airflow/dags/emr-orchestration.py                           1           0  0.42s           2025-04-23T17:04:39                      12
================================================================================
[2025-04-23T17:05:20.792+0000] {manager.py:997} INFO - 
================================================================================
DAG File Processing Stats

File Path                               PID    Runtime      # DAGs    # Errors  Last Runtime    Last Run               Last # of DB Queries
--------------------------------------  -----  ---------  --------  ----------  --------------  -------------------  ----------------------
/opt/airflow/dags/emr-orchestration.py                           1           0  0.20s           2025-04-23T17:05:09                      12
================================================================================
[2025-04-23T17:05:50.996+0000] {manager.py:997} INFO - 
================================================================================
DAG File Processing Stats

File Path                               PID    Runtime      # DAGs    # Errors  Last Runtime    Last Run               Last # of DB Queries
--------------------------------------  -----  ---------  --------  ----------  --------------  -------------------  ----------------------
/opt/airflow/dags/emr-orchestration.py                           1           0  0.82s           2025-04-23T17:05:42                      12
================================================================================
[2025-04-23T17:06:21.333+0000] {manager.py:997} INFO - 
================================================================================
DAG File Processing Stats

File Path                               PID    Runtime      # DAGs    # Errors  Last Runtime    Last Run               Last # of DB Queries
--------------------------------------  -----  ---------  --------  ----------  --------------  -------------------  ----------------------
/opt/airflow/dags/emr-orchestration.py                           1           0  0.09s           2025-04-23T17:05:58                      11
================================================================================
[2025-04-23T17:06:52.146+0000] {manager.py:997} INFO - 
================================================================================
DAG File Processing Stats

File Path                               PID    Runtime      # DAGs    # Errors  Last Runtime    Last Run               Last # of DB Queries
--------------------------------------  -----  ---------  --------  ----------  --------------  -------------------  ----------------------
/opt/airflow/dags/emr-orchestration.py                           1           0  0.20s           2025-04-23T17:06:28                      12
================================================================================
[2025-04-23T17:07:22.827+0000] {manager.py:997} INFO - 
================================================================================
DAG File Processing Stats

File Path                               PID    Runtime      # DAGs    # Errors  Last Runtime    Last Run               Last # of DB Queries
--------------------------------------  -----  ---------  --------  ----------  --------------  -------------------  ----------------------
/opt/airflow/dags/emr-orchestration.py                           1           0  0.17s           2025-04-23T17:06:59                      12
================================================================================
[2025-04-23T17:07:53.493+0000] {manager.py:997} INFO - 
================================================================================
DAG File Processing Stats

File Path                               PID    Runtime      # DAGs    # Errors  Last Runtime    Last Run               Last # of DB Queries
--------------------------------------  -----  ---------  --------  ----------  --------------  -------------------  ----------------------
/opt/airflow/dags/emr-orchestration.py                           1           0  0.18s           2025-04-23T17:07:30                      12
================================================================================
[2025-04-23T17:08:13.825+0000] {manager.py:821} INFO - Searching for files in /opt/airflow/dags
[2025-04-23T17:08:13.831+0000] {manager.py:824} INFO - There are 1 files in /opt/airflow/dags
[2025-04-23T17:08:23.953+0000] {manager.py:997} INFO - 
================================================================================
DAG File Processing Stats

File Path                               PID    Runtime      # DAGs    # Errors  Last Runtime    Last Run               Last # of DB Queries
--------------------------------------  -----  ---------  --------  ----------  --------------  -------------------  ----------------------
/opt/airflow/dags/emr-orchestration.py                           1           0  0.24s           2025-04-23T17:08:00                      12
================================================================================
[2025-04-23T17:08:54.808+0000] {manager.py:997} INFO - 
================================================================================
DAG File Processing Stats

File Path                               PID    Runtime      # DAGs    # Errors  Last Runtime    Last Run               Last # of DB Queries
--------------------------------------  -----  ---------  --------  ----------  --------------  -------------------  ----------------------
/opt/airflow/dags/emr-orchestration.py                           1           0  0.26s           2025-04-23T17:08:31                      12
================================================================================
[2025-04-23T17:09:25.204+0000] {manager.py:997} INFO - 
================================================================================
DAG File Processing Stats

File Path                               PID    Runtime      # DAGs    # Errors  Last Runtime    Last Run               Last # of DB Queries
--------------------------------------  -----  ---------  --------  ----------  --------------  -------------------  ----------------------
/opt/airflow/dags/emr-orchestration.py                           1           0  0.19s           2025-04-23T17:09:02                      12
================================================================================
[2025-04-23T17:09:55.815+0000] {manager.py:997} INFO - 
================================================================================
DAG File Processing Stats

File Path                               PID    Runtime      # DAGs    # Errors  Last Runtime    Last Run               Last # of DB Queries
--------------------------------------  -----  ---------  --------  ----------  --------------  -------------------  ----------------------
/opt/airflow/dags/emr-orchestration.py                           1           0  0.20s           2025-04-23T17:09:32                      12
================================================================================
[2025-04-23T17:10:26.081+0000] {manager.py:997} INFO - 
================================================================================
DAG File Processing Stats

File Path                               PID    Runtime      # DAGs    # Errors  Last Runtime    Last Run               Last # of DB Queries
--------------------------------------  -----  ---------  --------  ----------  --------------  -------------------  ----------------------
/opt/airflow/dags/emr-orchestration.py                           1           0  0.25s           2025-04-23T17:10:03                      12
================================================================================
[2025-04-23T17:10:56.170+0000] {manager.py:997} INFO - 
================================================================================
DAG File Processing Stats

File Path                               PID    Runtime      # DAGs    # Errors  Last Runtime    Last Run               Last # of DB Queries
--------------------------------------  -----  ---------  --------  ----------  --------------  -------------------  ----------------------
/opt/airflow/dags/emr-orchestration.py                           1           0  0.23s           2025-04-23T17:10:33                      12
================================================================================
[2025-04-23T17:11:26.495+0000] {manager.py:997} INFO - 
================================================================================
DAG File Processing Stats

File Path                               PID    Runtime      # DAGs    # Errors  Last Runtime    Last Run               Last # of DB Queries
--------------------------------------  -----  ---------  --------  ----------  --------------  -------------------  ----------------------
/opt/airflow/dags/emr-orchestration.py                           1           0  0.36s           2025-04-23T17:11:04                      34
================================================================================
[2025-04-23T17:11:57.150+0000] {manager.py:997} INFO - 
================================================================================
DAG File Processing Stats

File Path                               PID    Runtime      # DAGs    # Errors  Last Runtime    Last Run               Last # of DB Queries
--------------------------------------  -----  ---------  --------  ----------  --------------  -------------------  ----------------------
/opt/airflow/dags/emr-orchestration.py                           1           0  0.33s           2025-04-23T17:11:35                      12
================================================================================
[2025-04-23T17:12:27.674+0000] {manager.py:997} INFO - 
================================================================================
DAG File Processing Stats

File Path                               PID    Runtime      # DAGs    # Errors  Last Runtime    Last Run               Last # of DB Queries
--------------------------------------  -----  ---------  --------  ----------  --------------  -------------------  ----------------------
/opt/airflow/dags/emr-orchestration.py                           1           0  0.20s           2025-04-23T17:12:05                      12
================================================================================
[2025-04-23T17:12:57.785+0000] {manager.py:997} INFO - 
================================================================================
DAG File Processing Stats

File Path                               PID    Runtime      # DAGs    # Errors  Last Runtime    Last Run               Last # of DB Queries
--------------------------------------  -----  ---------  --------  ----------  --------------  -------------------  ----------------------
/opt/airflow/dags/emr-orchestration.py                           1           0  0.25s           2025-04-23T17:12:36                      12
================================================================================
[2025-04-23T17:13:14.196+0000] {manager.py:821} INFO - Searching for files in /opt/airflow/dags
[2025-04-23T17:13:14.204+0000] {manager.py:824} INFO - There are 1 files in /opt/airflow/dags
[2025-04-23T17:13:28.415+0000] {manager.py:997} INFO - 
================================================================================
DAG File Processing Stats

File Path                               PID    Runtime      # DAGs    # Errors  Last Runtime    Last Run               Last # of DB Queries
--------------------------------------  -----  ---------  --------  ----------  --------------  -------------------  ----------------------
/opt/airflow/dags/emr-orchestration.py                           1           0  0.23s           2025-04-23T17:13:06                      12
================================================================================
[2025-04-23T17:13:59.031+0000] {manager.py:997} INFO - 
================================================================================
DAG File Processing Stats

File Path                               PID    Runtime      # DAGs    # Errors  Last Runtime    Last Run               Last # of DB Queries
--------------------------------------  -----  ---------  --------  ----------  --------------  -------------------  ----------------------
/opt/airflow/dags/emr-orchestration.py                           1           0  0.17s           2025-04-23T17:13:36                      12
================================================================================
[2025-04-23T17:14:29.306+0000] {manager.py:997} INFO - 
================================================================================
DAG File Processing Stats

File Path                               PID    Runtime      # DAGs    # Errors  Last Runtime    Last Run               Last # of DB Queries
--------------------------------------  -----  ---------  --------  ----------  --------------  -------------------  ----------------------
/opt/airflow/dags/emr-orchestration.py                           1           0  0.11s           2025-04-23T17:14:07                      12
================================================================================
[2025-04-23T18:36:30.889+0000] {manager.py:821} INFO - Searching for files in /opt/airflow/dags
[2025-04-23T18:36:31.890+0000] {manager.py:824} INFO - There are 1 files in /opt/airflow/dags
[2025-04-23T18:36:32.270+0000] {manager.py:997} INFO - 
================================================================================
DAG File Processing Stats

File Path                                 PID  Runtime      # DAGs    # Errors  Last Runtime    Last Run               Last # of DB Queries
--------------------------------------  -----  ---------  --------  ----------  --------------  -------------------  ----------------------
/opt/airflow/dags/emr-orchestration.py    714  0.09s             1           0  0.17s           2025-04-23T17:14:37                      12
================================================================================
[2025-04-23T18:37:02.390+0000] {manager.py:997} INFO - 
================================================================================
DAG File Processing Stats

File Path                               PID    Runtime      # DAGs    # Errors  Last Runtime    Last Run               Last # of DB Queries
--------------------------------------  -----  ---------  --------  ----------  --------------  -------------------  ----------------------
/opt/airflow/dags/emr-orchestration.py                           1           0  1.19s           2025-04-23T18:36:33                      12
================================================================================
[2025-04-23T18:37:33.151+0000] {manager.py:997} INFO - 
================================================================================
DAG File Processing Stats

File Path                               PID    Runtime      # DAGs    # Errors  Last Runtime    Last Run               Last # of DB Queries
--------------------------------------  -----  ---------  --------  ----------  --------------  -------------------  ----------------------
/opt/airflow/dags/emr-orchestration.py                           1           0  0.23s           2025-04-23T18:37:03                      12
================================================================================
[2025-04-23T18:38:03.299+0000] {manager.py:997} INFO - 
================================================================================
DAG File Processing Stats

File Path                               PID    Runtime      # DAGs    # Errors  Last Runtime    Last Run               Last # of DB Queries
--------------------------------------  -----  ---------  --------  ----------  --------------  -------------------  ----------------------
/opt/airflow/dags/emr-orchestration.py                           1           0  0.20s           2025-04-23T18:37:34                      12
================================================================================
[2025-04-23T18:38:33.789+0000] {manager.py:997} INFO - 
================================================================================
DAG File Processing Stats

File Path                               PID    Runtime      # DAGs    # Errors  Last Runtime    Last Run               Last # of DB Queries
--------------------------------------  -----  ---------  --------  ----------  --------------  -------------------  ----------------------
/opt/airflow/dags/emr-orchestration.py                           1           0  0.18s           2025-04-23T18:38:05                      12
================================================================================
[2025-04-23T18:39:04.066+0000] {manager.py:997} INFO - 
================================================================================
DAG File Processing Stats

File Path                               PID    Runtime      # DAGs    # Errors  Last Runtime    Last Run               Last # of DB Queries
--------------------------------------  -----  ---------  --------  ----------  --------------  -------------------  ----------------------
/opt/airflow/dags/emr-orchestration.py                           1           0  0.34s           2025-04-23T18:38:36                      12
================================================================================
[2025-04-23T18:39:34.526+0000] {manager.py:997} INFO - 
================================================================================
DAG File Processing Stats

File Path                               PID    Runtime      # DAGs    # Errors  Last Runtime    Last Run               Last # of DB Queries
--------------------------------------  -----  ---------  --------  ----------  --------------  -------------------  ----------------------
/opt/airflow/dags/emr-orchestration.py                           1           0  0.16s           2025-04-23T18:39:07                      12
================================================================================
[2025-04-23T18:40:05.214+0000] {manager.py:997} INFO - 
================================================================================
DAG File Processing Stats

File Path                               PID    Runtime      # DAGs    # Errors  Last Runtime    Last Run               Last # of DB Queries
--------------------------------------  -----  ---------  --------  ----------  --------------  -------------------  ----------------------
/opt/airflow/dags/emr-orchestration.py                           1           0  0.17s           2025-04-23T18:39:37                      12
================================================================================
[2025-04-23T18:40:35.662+0000] {manager.py:997} INFO - 
================================================================================
DAG File Processing Stats

File Path                               PID    Runtime      # DAGs    # Errors  Last Runtime    Last Run               Last # of DB Queries
--------------------------------------  -----  ---------  --------  ----------  --------------  -------------------  ----------------------
/opt/airflow/dags/emr-orchestration.py                           1           0  0.18s           2025-04-23T18:40:08                      12
================================================================================
[2025-04-23T18:41:06.303+0000] {manager.py:997} INFO - 
================================================================================
DAG File Processing Stats

File Path                               PID    Runtime      # DAGs    # Errors  Last Runtime    Last Run               Last # of DB Queries
--------------------------------------  -----  ---------  --------  ----------  --------------  -------------------  ----------------------
/opt/airflow/dags/emr-orchestration.py                           1           0  0.37s           2025-04-23T18:40:39                      12
================================================================================
[2025-04-23T18:41:31.629+0000] {manager.py:821} INFO - Searching for files in /opt/airflow/dags
[2025-04-23T18:41:31.638+0000] {manager.py:824} INFO - There are 1 files in /opt/airflow/dags
[2025-04-23T18:41:36.709+0000] {manager.py:997} INFO - 
================================================================================
DAG File Processing Stats

File Path                               PID    Runtime      # DAGs    # Errors  Last Runtime    Last Run               Last # of DB Queries
--------------------------------------  -----  ---------  --------  ----------  --------------  -------------------  ----------------------
/opt/airflow/dags/emr-orchestration.py                           1           0  0.12s           2025-04-23T18:41:09                      12
================================================================================
[2025-04-23T18:42:07.255+0000] {manager.py:997} INFO - 
================================================================================
DAG File Processing Stats

File Path                               PID    Runtime      # DAGs    # Errors  Last Runtime    Last Run               Last # of DB Queries
--------------------------------------  -----  ---------  --------  ----------  --------------  -------------------  ----------------------
/opt/airflow/dags/emr-orchestration.py                           1           0  0.27s           2025-04-23T18:41:40                      12
================================================================================
[2025-04-23T18:42:38.582+0000] {manager.py:997} INFO - 
================================================================================
DAG File Processing Stats

File Path                               PID    Runtime      # DAGs    # Errors  Last Runtime    Last Run               Last # of DB Queries
--------------------------------------  -----  ---------  --------  ----------  --------------  -------------------  ----------------------
/opt/airflow/dags/emr-orchestration.py                           1           0  0.26s           2025-04-23T18:42:11                      34
================================================================================
[2025-04-23T18:43:09.067+0000] {manager.py:997} INFO - 
================================================================================
DAG File Processing Stats

File Path                               PID    Runtime      # DAGs    # Errors  Last Runtime    Last Run               Last # of DB Queries
--------------------------------------  -----  ---------  --------  ----------  --------------  -------------------  ----------------------
/opt/airflow/dags/emr-orchestration.py                           1           0  0.17s           2025-04-23T18:42:41                      12
================================================================================
[2025-04-23T18:43:39.953+0000] {manager.py:997} INFO - 
================================================================================
DAG File Processing Stats

File Path                               PID    Runtime      # DAGs    # Errors  Last Runtime    Last Run               Last # of DB Queries
--------------------------------------  -----  ---------  --------  ----------  --------------  -------------------  ----------------------
/opt/airflow/dags/emr-orchestration.py                           1           0  0.22s           2025-04-23T18:43:12                      12
================================================================================
[2025-04-23T18:44:10.354+0000] {manager.py:997} INFO - 
================================================================================
DAG File Processing Stats

File Path                               PID    Runtime      # DAGs    # Errors  Last Runtime    Last Run               Last # of DB Queries
--------------------------------------  -----  ---------  --------  ----------  --------------  -------------------  ----------------------
/opt/airflow/dags/emr-orchestration.py                           1           0  0.28s           2025-04-23T18:43:43                      12
================================================================================
[2025-04-23T18:44:40.750+0000] {manager.py:997} INFO - 
================================================================================
DAG File Processing Stats

File Path                               PID    Runtime      # DAGs    # Errors  Last Runtime    Last Run               Last # of DB Queries
--------------------------------------  -----  ---------  --------  ----------  --------------  -------------------  ----------------------
/opt/airflow/dags/emr-orchestration.py                           1           0  0.30s           2025-04-23T18:44:36                      34
================================================================================
[2025-04-23T18:45:11.378+0000] {manager.py:997} INFO - 
================================================================================
DAG File Processing Stats

File Path                               PID    Runtime      # DAGs    # Errors  Last Runtime    Last Run               Last # of DB Queries
--------------------------------------  -----  ---------  --------  ----------  --------------  -------------------  ----------------------
/opt/airflow/dags/emr-orchestration.py                           1           0  0.19s           2025-04-23T18:45:06                      12
================================================================================
[2025-04-23T18:45:41.933+0000] {manager.py:997} INFO - 
================================================================================
DAG File Processing Stats

File Path                               PID    Runtime      # DAGs    # Errors  Last Runtime    Last Run               Last # of DB Queries
--------------------------------------  -----  ---------  --------  ----------  --------------  -------------------  ----------------------
/opt/airflow/dags/emr-orchestration.py                           1           0  0.18s           2025-04-23T18:45:36                      12
================================================================================
[2025-04-23T18:46:12.584+0000] {manager.py:997} INFO - 
================================================================================
DAG File Processing Stats

File Path                               PID    Runtime      # DAGs    # Errors  Last Runtime    Last Run               Last # of DB Queries
--------------------------------------  -----  ---------  --------  ----------  --------------  -------------------  ----------------------
/opt/airflow/dags/emr-orchestration.py                           1           0  0.16s           2025-04-23T18:46:07                      12
================================================================================
[2025-04-23T18:46:31.939+0000] {manager.py:821} INFO - Searching for files in /opt/airflow/dags
[2025-04-23T18:46:31.950+0000] {manager.py:824} INFO - There are 1 files in /opt/airflow/dags
[2025-04-23T18:46:43.045+0000] {manager.py:997} INFO - 
================================================================================
DAG File Processing Stats

File Path                               PID    Runtime      # DAGs    # Errors  Last Runtime    Last Run               Last # of DB Queries
--------------------------------------  -----  ---------  --------  ----------  --------------  -------------------  ----------------------
/opt/airflow/dags/emr-orchestration.py                           1           0  0.32s           2025-04-23T18:46:39                      12
================================================================================
[2025-04-23T18:47:13.427+0000] {manager.py:997} INFO - 
================================================================================
DAG File Processing Stats

File Path                               PID    Runtime      # DAGs    # Errors  Last Runtime    Last Run               Last # of DB Queries
--------------------------------------  -----  ---------  --------  ----------  --------------  -------------------  ----------------------
/opt/airflow/dags/emr-orchestration.py                           1           0  0.18s           2025-04-23T18:47:09                      12
================================================================================
[2025-04-23T18:47:43.502+0000] {manager.py:997} INFO - 
================================================================================
DAG File Processing Stats

File Path                               PID    Runtime      # DAGs    # Errors  Last Runtime    Last Run               Last # of DB Queries
--------------------------------------  -----  ---------  --------  ----------  --------------  -------------------  ----------------------
/opt/airflow/dags/emr-orchestration.py                           1           0  0.24s           2025-04-23T18:47:40                      12
================================================================================
[2025-04-23T18:48:14.544+0000] {manager.py:997} INFO - 
================================================================================
DAG File Processing Stats

File Path                               PID    Runtime      # DAGs    # Errors  Last Runtime    Last Run               Last # of DB Queries
--------------------------------------  -----  ---------  --------  ----------  --------------  -------------------  ----------------------
/opt/airflow/dags/emr-orchestration.py                           1           0  0.19s           2025-04-23T18:48:10                      12
================================================================================
[2025-04-23T18:48:44.944+0000] {manager.py:997} INFO - 
================================================================================
DAG File Processing Stats

File Path                               PID    Runtime      # DAGs    # Errors  Last Runtime    Last Run               Last # of DB Queries
--------------------------------------  -----  ---------  --------  ----------  --------------  -------------------  ----------------------
/opt/airflow/dags/emr-orchestration.py                           1           0  0.18s           2025-04-23T18:48:41                      12
================================================================================
[2025-04-23T18:49:15.251+0000] {manager.py:997} INFO - 
================================================================================
DAG File Processing Stats

File Path                               PID    Runtime      # DAGs    # Errors  Last Runtime    Last Run               Last # of DB Queries
--------------------------------------  -----  ---------  --------  ----------  --------------  -------------------  ----------------------
/opt/airflow/dags/emr-orchestration.py                           1           0  0.20s           2025-04-23T18:49:11                      12
================================================================================
[2025-04-23T18:49:46.094+0000] {manager.py:997} INFO - 
================================================================================
DAG File Processing Stats

File Path                               PID    Runtime      # DAGs    # Errors  Last Runtime    Last Run               Last # of DB Queries
--------------------------------------  -----  ---------  --------  ----------  --------------  -------------------  ----------------------
/opt/airflow/dags/emr-orchestration.py                           1           0  0.18s           2025-04-23T18:49:42                      12
================================================================================
[2025-04-23T18:50:16.947+0000] {manager.py:997} INFO - 
================================================================================
DAG File Processing Stats

File Path                               PID    Runtime      # DAGs    # Errors  Last Runtime    Last Run               Last # of DB Queries
--------------------------------------  -----  ---------  --------  ----------  --------------  -------------------  ----------------------
/opt/airflow/dags/emr-orchestration.py                           1           0  0.30s           2025-04-23T18:50:12                      12
================================================================================
[2025-04-23T18:50:47.300+0000] {manager.py:997} INFO - 
================================================================================
DAG File Processing Stats

File Path                               PID    Runtime      # DAGs    # Errors  Last Runtime    Last Run               Last # of DB Queries
--------------------------------------  -----  ---------  --------  ----------  --------------  -------------------  ----------------------
/opt/airflow/dags/emr-orchestration.py                           1           0  0.52s           2025-04-23T18:50:43                      12
================================================================================
[2025-04-23T18:51:17.723+0000] {manager.py:997} INFO - 
================================================================================
DAG File Processing Stats

File Path                               PID    Runtime      # DAGs    # Errors  Last Runtime    Last Run               Last # of DB Queries
--------------------------------------  -----  ---------  --------  ----------  --------------  -------------------  ----------------------
/opt/airflow/dags/emr-orchestration.py                           1           0  0.23s           2025-04-23T18:51:13                      12
================================================================================
[2025-04-23T18:51:32.032+0000] {manager.py:821} INFO - Searching for files in /opt/airflow/dags
[2025-04-23T18:51:32.037+0000] {manager.py:824} INFO - There are 1 files in /opt/airflow/dags
[2025-04-23T18:51:48.415+0000] {manager.py:997} INFO - 
================================================================================
DAG File Processing Stats

File Path                               PID    Runtime      # DAGs    # Errors  Last Runtime    Last Run               Last # of DB Queries
--------------------------------------  -----  ---------  --------  ----------  --------------  -------------------  ----------------------
/opt/airflow/dags/emr-orchestration.py                           1           0  0.23s           2025-04-23T18:51:44                      12
================================================================================
[2025-04-23T18:52:18.706+0000] {manager.py:997} INFO - 
================================================================================
DAG File Processing Stats

File Path                               PID    Runtime      # DAGs    # Errors  Last Runtime    Last Run               Last # of DB Queries
--------------------------------------  -----  ---------  --------  ----------  --------------  -------------------  ----------------------
/opt/airflow/dags/emr-orchestration.py                           1           0  0.23s           2025-04-23T18:52:14                      12
================================================================================
[2025-04-23T18:52:48.971+0000] {manager.py:997} INFO - 
================================================================================
DAG File Processing Stats

File Path                               PID    Runtime      # DAGs    # Errors  Last Runtime    Last Run               Last # of DB Queries
--------------------------------------  -----  ---------  --------  ----------  --------------  -------------------  ----------------------
/opt/airflow/dags/emr-orchestration.py                           1           0  0.15s           2025-04-23T18:52:45                      12
================================================================================
[2025-04-23T18:53:19.255+0000] {manager.py:997} INFO - 
================================================================================
DAG File Processing Stats

File Path                               PID    Runtime      # DAGs    # Errors  Last Runtime    Last Run               Last # of DB Queries
--------------------------------------  -----  ---------  --------  ----------  --------------  -------------------  ----------------------
/opt/airflow/dags/emr-orchestration.py                           1           0  0.62s           2025-04-23T18:53:16                      12
================================================================================
[2025-04-23T18:53:49.611+0000] {manager.py:997} INFO - 
================================================================================
DAG File Processing Stats

File Path                               PID    Runtime      # DAGs    # Errors  Last Runtime    Last Run               Last # of DB Queries
--------------------------------------  -----  ---------  --------  ----------  --------------  -------------------  ----------------------
/opt/airflow/dags/emr-orchestration.py                           1           0  0.25s           2025-04-23T18:53:46                      12
================================================================================
[2025-04-23T18:54:20.219+0000] {manager.py:997} INFO - 
================================================================================
DAG File Processing Stats

File Path                               PID    Runtime      # DAGs    # Errors  Last Runtime    Last Run               Last # of DB Queries
--------------------------------------  -----  ---------  --------  ----------  --------------  -------------------  ----------------------
/opt/airflow/dags/emr-orchestration.py                           1           0  0.22s           2025-04-23T18:54:17                      12
================================================================================
[2025-04-23T18:54:50.346+0000] {manager.py:997} INFO - 
================================================================================
DAG File Processing Stats

File Path                               PID    Runtime      # DAGs    # Errors  Last Runtime    Last Run               Last # of DB Queries
--------------------------------------  -----  ---------  --------  ----------  --------------  -------------------  ----------------------
/opt/airflow/dags/emr-orchestration.py                           1           0  0.20s           2025-04-23T18:54:48                      12
================================================================================
[2025-04-23T18:55:20.708+0000] {manager.py:997} INFO - 
================================================================================
DAG File Processing Stats

File Path                               PID    Runtime      # DAGs    # Errors  Last Runtime    Last Run               Last # of DB Queries
--------------------------------------  -----  ---------  --------  ----------  --------------  -------------------  ----------------------
/opt/airflow/dags/emr-orchestration.py                           1           0  0.26s           2025-04-23T18:55:18                      12
================================================================================
[2025-04-23T18:55:51.035+0000] {manager.py:997} INFO - 
================================================================================
DAG File Processing Stats

File Path                               PID    Runtime      # DAGs    # Errors  Last Runtime    Last Run               Last # of DB Queries
--------------------------------------  -----  ---------  --------  ----------  --------------  -------------------  ----------------------
/opt/airflow/dags/emr-orchestration.py                           1           0  0.20s           2025-04-23T18:55:49                      12
================================================================================
[2025-04-23T18:56:21.479+0000] {manager.py:997} INFO - 
================================================================================
DAG File Processing Stats

File Path                               PID    Runtime      # DAGs    # Errors  Last Runtime    Last Run               Last # of DB Queries
--------------------------------------  -----  ---------  --------  ----------  --------------  -------------------  ----------------------
/opt/airflow/dags/emr-orchestration.py                           1           0  0.67s           2025-04-23T18:56:17                      34
================================================================================
[2025-04-23T18:56:32.502+0000] {manager.py:821} INFO - Searching for files in /opt/airflow/dags
[2025-04-23T18:56:32.513+0000] {manager.py:824} INFO - There are 1 files in /opt/airflow/dags
[2025-04-23T18:56:51.457+0000] {manager.py:997} INFO - 
================================================================================
DAG File Processing Stats

File Path                               PID    Runtime      # DAGs    # Errors  Last Runtime    Last Run               Last # of DB Queries
--------------------------------------  -----  ---------  --------  ----------  --------------  -------------------  ----------------------
/opt/airflow/dags/emr-orchestration.py                           1           0  0.24s           2025-04-23T18:56:48                      12
================================================================================
[2025-04-23T18:57:21.991+0000] {manager.py:997} INFO - 
================================================================================
DAG File Processing Stats

File Path                               PID    Runtime      # DAGs    # Errors  Last Runtime    Last Run               Last # of DB Queries
--------------------------------------  -----  ---------  --------  ----------  --------------  -------------------  ----------------------
/opt/airflow/dags/emr-orchestration.py                           1           0  0.25s           2025-04-23T18:57:19                      12
================================================================================
[2025-04-23T18:57:52.048+0000] {manager.py:997} INFO - 
================================================================================
DAG File Processing Stats

File Path                               PID    Runtime      # DAGs    # Errors  Last Runtime    Last Run               Last # of DB Queries
--------------------------------------  -----  ---------  --------  ----------  --------------  -------------------  ----------------------
/opt/airflow/dags/emr-orchestration.py                           1           0  0.17s           2025-04-23T18:57:50                      12
================================================================================
[2025-04-23T18:58:22.745+0000] {manager.py:997} INFO - 
================================================================================
DAG File Processing Stats

File Path                               PID    Runtime      # DAGs    # Errors  Last Runtime    Last Run               Last # of DB Queries
--------------------------------------  -----  ---------  --------  ----------  --------------  -------------------  ----------------------
/opt/airflow/dags/emr-orchestration.py                           1           0  0.26s           2025-04-23T18:58:20                      12
================================================================================
[2025-04-23T18:58:53.061+0000] {manager.py:997} INFO - 
================================================================================
DAG File Processing Stats

File Path                               PID    Runtime      # DAGs    # Errors  Last Runtime    Last Run               Last # of DB Queries
--------------------------------------  -----  ---------  --------  ----------  --------------  -------------------  ----------------------
/opt/airflow/dags/emr-orchestration.py                           1           0  0.14s           2025-04-23T18:58:51                      12
================================================================================
[2025-04-23T18:59:23.155+0000] {manager.py:997} INFO - 
================================================================================
DAG File Processing Stats

File Path                                 PID  Runtime      # DAGs    # Errors  Last Runtime    Last Run               Last # of DB Queries
--------------------------------------  -----  ---------  --------  ----------  --------------  -------------------  ----------------------
/opt/airflow/dags/emr-orchestration.py   1030  0.00s             1           0  0.17s           2025-04-23T18:59:22                      12
================================================================================
[2025-04-23T18:59:53.320+0000] {manager.py:997} INFO - 
================================================================================
DAG File Processing Stats

File Path                               PID    Runtime      # DAGs    # Errors  Last Runtime    Last Run               Last # of DB Queries
--------------------------------------  -----  ---------  --------  ----------  --------------  -------------------  ----------------------
/opt/airflow/dags/emr-orchestration.py                           1           0  0.19s           2025-04-23T18:59:23                      34
================================================================================
